<?xml version="1.0" encoding="UTF-8" ?>
<testsuite errors="0" failures="0" hostname="petra-HP-ENVY-x360-Convertible-15-bp1xx" name="javaapplication3.LZWBinFaTest" skipped="0" tests="3" time="0.194" timestamp="2019-11-24T19:54:33">
  <properties>
[...]
</properties>
  <testcase classname="javaapplication3.LZWBinFaTest" name="szorasTest" time="0.001" />
  <testcase classname="javaapplication3.LZWBinFaTest" name="melysegTest" time="0.0" />
  <testcase classname="javaapplication3.LZWBinFaTest" name="atlagTest" time="0.001" />
  <system-out><![CDATA[]]></system-out>
  <system-err><![CDATA[]]></system-err>
</testsuite>
